FDN/app/build/intermediates/manifest_merge_blame_file/fullDebug/manifest-merger-blame-full-debug-report.txt
1<?xml version="1.0" encoding="utf-8"?>
2<!-- This file should be outside of release manifest (in this case app/src/mock/Manifest.xml -->
3<manifest xmlns:android="http://schemas.android.com/apk/res/android"
4    package="org.fdroid.fdroid"
5    android:installLocation="auto" >
6
7    <uses-sdk
7-->src/main/AndroidManifest.xml:29:5-32:7
8        android:minSdkVersion="25"
8-->src/main/AndroidManifest.xml:30:13-39
9        android:targetSdkVersion="25" />
9-->src/main/AndroidManifest.xml:31:13-42
10
11    <!-- required to enable/disable system animations from the app itself during Espresso test runs -->
12    <uses-permission android:name="android.permission.SET_ANIMATION_SCALE" />
12-->src/debug/AndroidManifest.xml:6:5-77
12-->src/debug/AndroidManifest.xml:6:22-75
13
14    <uses-feature
14-->src/full/AndroidManifest.xml:29:5-81
15        android:name="android.hardware.nfc"
15-->src/full/AndroidManifest.xml:29:19-54
16        android:required="false" />
16-->src/full/AndroidManifest.xml:29:55-79
17    <uses-feature
17-->src/full/AndroidManifest.xml:30:5-87
18        android:name="android.hardware.bluetooth"
18-->src/full/AndroidManifest.xml:30:19-60
19        android:required="false" />
19-->src/full/AndroidManifest.xml:30:61-85
20
21    <uses-permission android:name="android.permission.INTERNET" />
21-->src/main/AndroidManifest.xml:53:5-66
21-->src/main/AndroidManifest.xml:53:22-64
22    <uses-permission android:name="android.permission.ACCESS_NETWORK_STATE" />
22-->src/main/AndroidManifest.xml:54:5-78
22-->src/main/AndroidManifest.xml:54:22-76
23    <uses-permission android:name="android.permission.ACCESS_WIFI_STATE" />
23-->src/main/AndroidManifest.xml:55:5-75
23-->src/main/AndroidManifest.xml:55:22-73
24    <uses-permission android:name="android.permission.CHANGE_WIFI_MULTICAST_STATE" />
24-->src/full/AndroidManifest.xml:35:5-85
24-->src/full/AndroidManifest.xml:35:22-83
25    <uses-permission android:name="android.permission.CHANGE_NETWORK_STATE" />
25-->src/full/AndroidManifest.xml:36:5-78
25-->src/full/AndroidManifest.xml:36:22-76
26    <uses-permission android:name="android.permission.CHANGE_WIFI_STATE" />
26-->src/full/AndroidManifest.xml:37:5-75
26-->src/full/AndroidManifest.xml:37:22-73
27    <uses-permission android:name="android.permission.BLUETOOTH" />
27-->src/full/AndroidManifest.xml:38:5-67
27-->src/full/AndroidManifest.xml:38:22-65
28    <uses-permission android:name="android.permission.BLUETOOTH_ADMIN" />
28-->src/full/AndroidManifest.xml:39:5-73
28-->src/full/AndroidManifest.xml:39:22-71
29    <uses-permission android:name="android.permission.RECEIVE_BOOT_COMPLETED" />
29-->src/main/AndroidManifest.xml:56:5-80
29-->src/main/AndroidManifest.xml:56:22-78
30    <uses-permission android:name="android.permission.WRITE_EXTERNAL_STORAGE" />
30-->src/main/AndroidManifest.xml:57:5-80
30-->src/main/AndroidManifest.xml:57:22-78
31    <uses-permission android:name="android.permission.WRITE_SETTINGS" />
31-->src/full/AndroidManifest.xml:42:5-72
31-->src/full/AndroidManifest.xml:42:22-70
32    <uses-permission android:name="android.permission.NFC" />
32-->src/main/AndroidManifest.xml:58:5-61
32-->src/main/AndroidManifest.xml:58:22-59
33    <uses-permission android:name="android.permission.WAKE_LOCK" />
33-->src/main/AndroidManifest.xml:59:5-67
33-->src/main/AndroidManifest.xml:59:22-65
34
35    <supports-screens
35-->src/main/AndroidManifest.xml:34:5-41:7
36        android:anyDensity="true"
36-->src/main/AndroidManifest.xml:35:13-38
37        android:largeScreens="true"
37-->src/main/AndroidManifest.xml:36:13-40
38        android:normalScreens="true"
38-->src/main/AndroidManifest.xml:37:13-41
39        android:resizeable="true"
39-->src/main/AndroidManifest.xml:38:13-38
40        android:smallScreens="true"
40-->src/main/AndroidManifest.xml:39:13-40
41        android:xlargeScreens="true" />
41-->src/main/AndroidManifest.xml:40:13-41
42
43    <uses-feature
43-->src/main/AndroidManifest.xml:43:5-45:39
44        android:name="android.hardware.telephony"
44-->src/main/AndroidManifest.xml:44:13-54
45        android:required="false" />
45-->src/main/AndroidManifest.xml:45:13-37
46    <uses-feature
46-->src/main/AndroidManifest.xml:46:5-48:39
47        android:name="android.hardware.wifi"
47-->src/main/AndroidManifest.xml:47:13-49
48        android:required="false" />
48-->src/main/AndroidManifest.xml:48:13-37
49    <uses-feature
49-->src/main/AndroidManifest.xml:49:5-51:39
50        android:name="android.hardware.touchscreen"
50-->src/main/AndroidManifest.xml:50:13-56
51        android:required="false" />
51-->src/main/AndroidManifest.xml:51:13-37
52
53    <uses-permission android:name="android.permission.REORDER_TASKS" />
53-->[androidx.test:core:1.4.0] AndroidManifest.xml:24:5-72
53-->[androidx.test:core:1.4.0] AndroidManifest.xml:24:22-69
54
55    <application
55-->src/main/AndroidManifest.xml:61:5-551:19
56        android:name="org.fdroid.fdroid.FDroidApp"
56-->src/main/AndroidManifest.xml:62:13-38
57        android:allowBackup="true"
57-->src/main/AndroidManifest.xml:66:13-39
58        android:debuggable="true"
59        android:description="@string/app_description"
59-->src/main/AndroidManifest.xml:65:13-58
60        android:extractNativeLibs="false"
61        android:fullBackupContent="true"
61-->src/main/AndroidManifest.xml:67:13-45
62        android:icon="@drawable/ic_launcher"
62-->src/main/AndroidManifest.xml:63:13-49
63        android:label="@string/app_name"
63-->src/main/AndroidManifest.xml:64:13-45
64        android:supportsRtl="true"
64-->src/main/AndroidManifest.xml:69:13-39
65        android:theme="@style/AppThemeLight" >
65-->src/main/AndroidManifest.xml:68:13-49
66        <activity
67            android:name="org.fdroid.fdroid.views.swap.SwapWorkflowActivity"
68            android:configChanges="orientation|keyboardHidden"
69            android:label="@string/swap"
70            android:parentActivityName="org.fdroid.fdroid.views.main.MainActivity"
71            android:screenOrientation="portrait"
72            android:theme="@style/SwapTheme.Wizard" >
73            <meta-data
73-->src/main/AndroidManifest.xml:142:13-144:63
74                android:name="android.support.PARENT_ACTIVITY"
74-->src/main/AndroidManifest.xml:143:21-67
75                android:value=".views.main.MainActivity" />
75-->src/main/AndroidManifest.xml:144:21-61
76        </activity>
77
78        <receiver android:name="org.fdroid.fdroid.receiver.WifiStateChangeReceiver" >
79            <intent-filter>
80                <action android:name="android.net.wifi.STATE_CHANGE" />
81            </intent-filter>
82        </receiver>
83        <receiver android:name="org.fdroid.fdroid.receiver.DeviceStorageReceiver" >
83-->src/main/AndroidManifest.xml:227:9-231:20
83-->src/main/AndroidManifest.xml:227:19-65
84            <intent-filter>
84-->src/main/AndroidManifest.xml:228:13-230:29
85                <action android:name="android.intent.action.DEVICE_STORAGE_LOW" />
85-->src/main/AndroidManifest.xml:229:17-82
85-->src/main/AndroidManifest.xml:229:25-80
86            </intent-filter>
87        </receiver>
88
89        <service
90            android:name="org.fdroid.fdroid.net.WifiStateChangeService"
91            android:exported="false" />
92        <service android:name="org.fdroid.fdroid.localrepo.SwapService" />
93        <service
94            android:name="org.fdroid.fdroid.localrepo.CacheSwapAppsService"
95            android:exported="false" />
96
97        <activity
98            android:name="org.fdroid.fdroid.views.panic.PanicPreferencesActivity"
99            android:label="@string/panic_settings"
100            android:parentActivityName="org.fdroid.fdroid.views.main.MainActivity" >
101            <meta-data
101-->src/main/AndroidManifest.xml:142:13-144:63
102                android:name="android.support.PARENT_ACTIVITY"
102-->src/main/AndroidManifest.xml:143:21-67
103                android:value=".views.main.MainActivity" />
103-->src/main/AndroidManifest.xml:144:21-61
104
105            <intent-filter>
106                <action android:name="info.guardianproject.panic.action.CONNECT" />
107                <action android:name="info.guardianproject.panic.action.DISCONNECT" />
108
109                <category android:name="android.intent.category.DEFAULT" />
109-->src/main/AndroidManifest.xml:294:17-75
109-->src/main/AndroidManifest.xml:294:27-73
110            </intent-filter>
111        </activity>
112        <activity
113            android:name="org.fdroid.fdroid.views.panic.PanicResponderActivity"
114            android:noHistory="true"
115            android:theme="@android:style/Theme.NoDisplay" >
116
117            <!-- this can never have launchMode singleTask or singleInstance! -->
118            <intent-filter>
119                <action android:name="info.guardianproject.panic.action.TRIGGER" />
120
121                <category android:name="android.intent.category.DEFAULT" />
121-->src/main/AndroidManifest.xml:294:17-75
121-->src/main/AndroidManifest.xml:294:27-73
122            </intent-filter>
123        </activity>
124        <activity
125            android:name="org.fdroid.fdroid.views.panic.ExitActivity"
126            android:theme="@android:style/Theme.NoDisplay" />
127        <activity
128            android:name="org.fdroid.fdroid.views.hiding.CalculatorActivity"
129            android:enabled="false"
130            android:icon="@mipmap/ic_calculator_launcher"
131            android:label="@string/hiding_calculator"
132            android:theme="@style/AppThemeLight" >
133            <intent-filter>
133-->src/main/AndroidManifest.xml:282:13-286:29
134                <action android:name="android.intent.action.MAIN" />
134-->src/main/AndroidManifest.xml:283:17-68
134-->src/main/AndroidManifest.xml:283:25-66
135
136                <category android:name="android.intent.category.LAUNCHER" />
136-->src/main/AndroidManifest.xml:285:17-76
136-->src/main/AndroidManifest.xml:285:27-74
137            </intent-filter>
138        </activity>
139
140        <provider
141            android:name="org.fdroid.fdroid.data.AppProvider"
142            android:authorities="org.fdroid.fdroid.data.AppProvider"
143            android:exported="false" />
144        <provider
145            android:name="org.fdroid.fdroid.data.RepoProvider"
146            android:authorities="org.fdroid.fdroid.data.RepoProvider"
147            android:exported="false" />
148        <provider
149            android:name="org.fdroid.fdroid.data.ApkProvider"
150            android:authorities="org.fdroid.fdroid.data.ApkProvider"
151            android:exported="false" />
152        <provider
153            android:name="org.fdroid.fdroid.data.TempApkProvider"
154            android:authorities="org.fdroid.fdroid.data.TempApkProvider"
155            android:exported="false" />
156        <provider
157            android:name="org.fdroid.fdroid.data.TempAppProvider"
158            android:authorities="org.fdroid.fdroid.data.TempAppProvider"
159            android:exported="false" />
160        <provider
161            android:name="org.fdroid.fdroid.data.InstalledAppProvider"
162            android:authorities="org.fdroid.fdroid.data.InstalledAppProvider"
163            android:exported="false" />
164        <provider
165            android:name="org.fdroid.fdroid.data.AppPrefsProvider"
166            android:authorities="org.fdroid.fdroid.data.AppPrefsProvider"
167            android:exported="false" />
168        <provider
169            android:name="org.fdroid.fdroid.data.PackageProvider"
170            android:authorities="org.fdroid.fdroid.data.PackageProvider"
171            android:exported="false" />
172        <provider
173            android:name="org.fdroid.fdroid.data.CategoryProvider"
174            android:authorities="org.fdroid.fdroid.data.CategoryProvider"
175            android:exported="false" />
176        <provider
177            android:name="org.fdroid.fdroid.installer.ApkFileProvider"
178            android:authorities="org.fdroid.fdroid.installer.ApkFileProvider"
179            android:exported="false"
180            android:grantUriPermissions="true" >
181            <meta-data
182                android:name="android.support.FILE_PROVIDER_PATHS"
183                android:resource="@xml/apk_file_provider" />
184        </provider>
185        <provider
186            android:name="android.support.v4.content.FileProvider"
187            android:authorities="org.fdroid.fdroid.installer"
188            android:exported="false"
189            android:grantUriPermissions="true" >
190            <meta-data
191                android:name="android.support.FILE_PROVIDER_PATHS"
192                android:resource="@xml/installer_file_provider" />
193        </provider>
194
195        <activity
195-->src/main/AndroidManifest.xml:135:9-145:20
196            android:name="org.fdroid.fdroid.privileged.views.InstallConfirmActivity"
196-->src/main/AndroidManifest.xml:136:17-72
197            android:configChanges="layoutDirection|locale"
197-->src/main/AndroidManifest.xml:141:17-63
198            android:excludeFromRecents="true"
198-->src/main/AndroidManifest.xml:139:17-50
199            android:label="@string/menu_install"
199-->src/main/AndroidManifest.xml:137:17-53
200            android:parentActivityName="org.fdroid.fdroid.views.main.MainActivity"
200-->src/main/AndroidManifest.xml:140:17-70
201            android:theme="@style/MinWithDialogBaseThemeLight" >
201-->src/main/AndroidManifest.xml:138:17-67
202            <meta-data
202-->src/main/AndroidManifest.xml:142:13-144:63
203                android:name="android.support.PARENT_ACTIVITY"
203-->src/main/AndroidManifest.xml:143:21-67
204                android:value=".views.main.MainActivity" />
204-->src/main/AndroidManifest.xml:144:21-61
205        </activity>
206        <activity
206-->src/main/AndroidManifest.xml:146:9-149:61
207            android:name="org.fdroid.fdroid.privileged.views.UninstallDialogActivity"
207-->src/main/AndroidManifest.xml:147:17-73
208            android:excludeFromRecents="true"
208-->src/main/AndroidManifest.xml:148:17-50
209            android:theme="@style/AppThemeTransparent" />
209-->src/main/AndroidManifest.xml:149:17-59
210        <activity
210-->src/main/AndroidManifest.xml:150:9-159:20
211            android:name="org.fdroid.fdroid.views.ManageReposActivity"
211-->src/main/AndroidManifest.xml:151:17-58
212            android:configChanges="layoutDirection|locale"
212-->src/main/AndroidManifest.xml:155:17-63
213            android:label="@string/menu_manage"
213-->src/main/AndroidManifest.xml:152:17-52
214            android:launchMode="singleTask"
214-->src/main/AndroidManifest.xml:153:17-48
215            android:parentActivityName="org.fdroid.fdroid.views.main.MainActivity" >
215-->src/main/AndroidManifest.xml:154:17-70
216            <meta-data
216-->src/main/AndroidManifest.xml:142:13-144:63
217                android:name="android.support.PARENT_ACTIVITY"
217-->src/main/AndroidManifest.xml:143:21-67
218                android:value=".views.main.MainActivity" />
218-->src/main/AndroidManifest.xml:144:21-61
219        </activity>
220        <activity
220-->src/main/AndroidManifest.xml:160:9-163:65
221            android:name="org.fdroid.fdroid.NfcNotEnabledActivity"
221-->src/main/AndroidManifest.xml:161:17-54
222            android:configChanges="layoutDirection|locale"
222-->src/main/AndroidManifest.xml:163:17-63
223            android:noHistory="true" />
223-->src/main/AndroidManifest.xml:162:17-41
224        <activity
224-->src/main/AndroidManifest.xml:164:9-173:20
225            android:name="org.fdroid.fdroid.views.RepoDetailsActivity"
225-->src/main/AndroidManifest.xml:165:17-58
226            android:configChanges="layoutDirection|locale"
226-->src/main/AndroidManifest.xml:169:17-63
227            android:label="@string/repo_details"
227-->src/main/AndroidManifest.xml:166:17-53
228            android:parentActivityName="org.fdroid.fdroid.views.ManageReposActivity"
228-->src/main/AndroidManifest.xml:167:17-72
229            android:windowSoftInputMode="stateHidden" >
229-->src/main/AndroidManifest.xml:168:17-58
230            <meta-data
230-->src/main/AndroidManifest.xml:142:13-144:63
231                android:name="android.support.PARENT_ACTIVITY"
231-->src/main/AndroidManifest.xml:143:21-67
232                android:value=".views.ManageReposActivity" />
232-->src/main/AndroidManifest.xml:144:21-61
233        </activity>
234        <activity
234-->src/main/AndroidManifest.xml:175:9-184:20
235            android:name="org.fdroid.fdroid.AppDetails2"
235-->src/main/AndroidManifest.xml:176:17-44
236            android:configChanges="layoutDirection|locale"
236-->src/main/AndroidManifest.xml:180:17-63
237            android:exported="true"
237-->src/main/AndroidManifest.xml:178:17-40
238            android:label="@string/app_details"
238-->src/main/AndroidManifest.xml:177:17-52
239            android:parentActivityName="org.fdroid.fdroid.views.main.MainActivity" >
239-->src/main/AndroidManifest.xml:179:17-70
240            <meta-data
240-->src/main/AndroidManifest.xml:142:13-144:63
241                android:name="android.support.PARENT_ACTIVITY"
241-->src/main/AndroidManifest.xml:143:21-67
242                android:value=".views.main.MainActivity" />
242-->src/main/AndroidManifest.xml:144:21-61
243        </activity>
244        <activity
244-->src/main/AndroidManifest.xml:185:9-191:52
245            android:name="org.fdroid.fdroid.acra.CrashReportActivity"
245-->src/main/AndroidManifest.xml:186:17-57
246            android:excludeFromRecents="true"
246-->src/main/AndroidManifest.xml:190:17-50
247            android:finishOnTaskLaunch="true"
247-->src/main/AndroidManifest.xml:191:17-50
248            android:launchMode="singleInstance"
248-->src/main/AndroidManifest.xml:189:17-52
249            android:process=":error_report"
249-->src/main/AndroidManifest.xml:188:17-48
250            android:theme="@style/AppThemeDark" />
250-->src/main/AndroidManifest.xml:187:17-52
251        <activity android:name="org.fdroid.fdroid.views.ScreenShotsActivity" /> <!-- Note: AppThemeTransparent, this activity shows dialogs only -->
251-->src/main/AndroidManifest.xml:192:9-62
251-->src/main/AndroidManifest.xml:192:19-60
252        <activity
252-->src/main/AndroidManifest.xml:194:9-195:67
253            android:name="org.fdroid.fdroid.data.ObbUrlActivity"
253-->src/main/AndroidManifest.xml:194:19-54
254            android:theme="@android:style/Theme.NoDisplay" /> <!-- Note: AppThemeTransparent, this activity shows dialogs only -->
254-->src/main/AndroidManifest.xml:195:19-65
255        <activity
255-->src/main/AndroidManifest.xml:197:9-199:61
256            android:name="org.fdroid.fdroid.installer.DefaultInstallerActivity"
256-->src/main/AndroidManifest.xml:198:17-67
257            android:theme="@style/AppThemeTransparent" /> <!-- Note: AppThemeTransparent, this activity shows dialogs only -->
257-->src/main/AndroidManifest.xml:199:17-59
258        <activity
258-->src/main/AndroidManifest.xml:201:9-203:61
259            android:name="org.fdroid.fdroid.installer.ErrorDialogActivity"
259-->src/main/AndroidManifest.xml:202:17-62
260            android:theme="@style/AppThemeTransparent" />
260-->src/main/AndroidManifest.xml:203:17-59
261
262        <receiver android:name="org.fdroid.fdroid.receiver.StartupReceiver" >
262-->src/main/AndroidManifest.xml:205:9-211:20
262-->src/main/AndroidManifest.xml:205:19-59
263            <intent-filter>
263-->src/main/AndroidManifest.xml:206:13-210:29
264                <action android:name="android.intent.action.BOOT_COMPLETED" />
264-->src/main/AndroidManifest.xml:207:17-78
264-->src/main/AndroidManifest.xml:207:25-76
265
266                <category android:name="android.intent.category.HOME" />
266-->src/main/AndroidManifest.xml:209:17-72
266-->src/main/AndroidManifest.xml:209:27-70
267            </intent-filter>
268        </receiver>
269        <receiver android:name="org.fdroid.fdroid.receiver.PackageManagerReceiver" >
269-->src/main/AndroidManifest.xml:213:9-221:20
269-->src/main/AndroidManifest.xml:213:19-66
270            <intent-filter>
270-->src/main/AndroidManifest.xml:214:13-220:29
271                <action android:name="android.intent.action.PACKAGE_ADDED" />
271-->src/main/AndroidManifest.xml:215:17-77
271-->src/main/AndroidManifest.xml:215:25-75
272                <action android:name="android.intent.action.PACKAGE_CHANGED" />
272-->src/main/AndroidManifest.xml:216:17-79
272-->src/main/AndroidManifest.xml:216:25-77
273                <action android:name="android.intent.action.PACKAGE_REMOVED" />
273-->src/main/AndroidManifest.xml:217:17-79
273-->src/main/AndroidManifest.xml:217:25-77
274
275                <data android:scheme="package" />
275-->src/main/AndroidManifest.xml:219:17-49
275-->src/main/AndroidManifest.xml:219:23-47
276            </intent-filter>
277        </receiver>
278        <receiver
278-->src/main/AndroidManifest.xml:223:9-225:20
279            android:name="org.fdroid.fdroid.NotificationBroadcastReceiver"
279-->src/main/AndroidManifest.xml:223:19-64
280            android:exported="false" >
280-->src/main/AndroidManifest.xml:223:65-89
281
282            <!-- Doesn't require an intent-filter because it is explicitly invoked via Intent.setClass() -->
283        </receiver>
284
285        <service
285-->src/main/AndroidManifest.xml:233:9-236:43
286            android:name="org.fdroid.fdroid.UpdateService"
286-->src/main/AndroidManifest.xml:234:17-46
287            android:exported="false"
287-->src/main/AndroidManifest.xml:236:17-41
288            android:permission="android.permission.BIND_JOB_SERVICE" />
288-->src/main/AndroidManifest.xml:235:17-73
289        <service
289-->src/main/AndroidManifest.xml:237:9-240:75
290            android:name="org.fdroid.fdroid.UpdateJobService"
290-->src/main/AndroidManifest.xml:238:17-49
291            android:exported="false"
291-->src/main/AndroidManifest.xml:239:17-41
292            android:permission="android.permission.BIND_JOB_SERVICE" />
292-->src/main/AndroidManifest.xml:240:17-73
293        <service
293-->src/main/AndroidManifest.xml:241:9-243:43
294            android:name="org.fdroid.fdroid.net.DownloaderService"
294-->src/main/AndroidManifest.xml:242:17-54
295            android:exported="false" />
295-->src/main/AndroidManifest.xml:243:17-41
296        <service
296-->src/main/AndroidManifest.xml:244:9-247:43
297            android:name="org.fdroid.fdroid.installer.InstallerService"
297-->src/main/AndroidManifest.xml:245:17-59
298            android:exported="false"
298-->src/main/AndroidManifest.xml:247:17-41
299            android:permission="android.permission.BIND_JOB_SERVICE" />
299-->src/main/AndroidManifest.xml:246:17-73
300        <service
300-->src/main/AndroidManifest.xml:248:9-251:43
301            android:name="org.fdroid.fdroid.CleanCacheService"
301-->src/main/AndroidManifest.xml:249:17-50
302            android:exported="false"
302-->src/main/AndroidManifest.xml:251:17-41
303            android:permission="android.permission.BIND_JOB_SERVICE" />
303-->src/main/AndroidManifest.xml:250:17-73
304        <service
304-->src/main/AndroidManifest.xml:252:9-255:43
305            android:name="org.fdroid.fdroid.CleanCacheJobService"
305-->src/main/AndroidManifest.xml:253:17-53
306            android:exported="false"
306-->src/main/AndroidManifest.xml:255:17-41
307            android:permission="android.permission.BIND_JOB_SERVICE" />
307-->src/main/AndroidManifest.xml:254:17-73
308        <service
308-->src/main/AndroidManifest.xml:256:9-259:43
309            android:name="org.fdroid.fdroid.DeleteCacheService"
309-->src/main/AndroidManifest.xml:257:17-51
310            android:exported="false"
310-->src/main/AndroidManifest.xml:259:17-41
311            android:permission="android.permission.BIND_JOB_SERVICE" />
311-->src/main/AndroidManifest.xml:258:17-73
312        <service
312-->src/main/AndroidManifest.xml:260:9-263:43
313            android:name="org.fdroid.fdroid.net.ConnectivityMonitorService"
313-->src/main/AndroidManifest.xml:261:17-63
314            android:exported="false"
314-->src/main/AndroidManifest.xml:263:17-41
315            android:permission="android.permission.BIND_JOB_SERVICE" />
315-->src/main/AndroidManifest.xml:262:17-73
316        <service
316-->src/main/AndroidManifest.xml:264:9-266:43
317            android:name="org.fdroid.fdroid.installer.InstallManagerService"
317-->src/main/AndroidManifest.xml:265:17-64
318            android:exported="false" />
318-->src/main/AndroidManifest.xml:266:17-41
319        <service
319-->src/main/AndroidManifest.xml:267:9-269:43
320            android:name="org.fdroid.fdroid.installer.InstallHistoryService"
320-->src/main/AndroidManifest.xml:268:17-64
321            android:exported="false" />
321-->src/main/AndroidManifest.xml:269:17-41
322        <service
322-->src/main/AndroidManifest.xml:270:9-273:43
323            android:name="org.fdroid.fdroid.data.InstalledAppProviderService"
323-->src/main/AndroidManifest.xml:271:17-65
324            android:exported="false"
324-->src/main/AndroidManifest.xml:273:17-41
325            android:permission="android.permission.BIND_JOB_SERVICE" /> <!-- Warning: Please add all new services to HidingManager -->
325-->src/main/AndroidManifest.xml:272:17-73
326        <activity
326-->src/main/AndroidManifest.xml:278:9-531:20
327            android:name="org.fdroid.fdroid.views.main.MainActivity"
327-->src/main/AndroidManifest.xml:279:17-56
328            android:launchMode="singleTop"
328-->src/main/AndroidManifest.xml:280:17-47
329            android:windowSoftInputMode="adjustResize" >
329-->src/main/AndroidManifest.xml:281:17-59
330            <intent-filter>
330-->src/main/AndroidManifest.xml:282:13-286:29
331                <action android:name="android.intent.action.MAIN" />
331-->src/main/AndroidManifest.xml:283:17-68
331-->src/main/AndroidManifest.xml:283:25-66
332
333                <category android:name="android.intent.category.LAUNCHER" />
333-->src/main/AndroidManifest.xml:285:17-76
333-->src/main/AndroidManifest.xml:285:27-74
334            </intent-filter>
335
336            <!-- App URLs -->
337
338            <intent-filter>
338-->src/main/AndroidManifest.xml:291:13-298:29
339                <action android:name="android.intent.action.VIEW" />
339-->src/main/AndroidManifest.xml:292:17-68
339-->src/main/AndroidManifest.xml:292:25-66
340
341                <category android:name="android.intent.category.DEFAULT" />
341-->src/main/AndroidManifest.xml:294:17-75
341-->src/main/AndroidManifest.xml:294:27-73
342                <category android:name="android.intent.category.BROWSABLE" />
342-->src/main/AndroidManifest.xml:295:17-77
342-->src/main/AndroidManifest.xml:295:27-75
343
344                <data android:scheme="fdroid.app" />
344-->src/main/AndroidManifest.xml:219:17-49
344-->src/main/AndroidManifest.xml:219:23-47
345            </intent-filter>
346            <intent-filter android:autoVerify="true" >
346-->src/main/AndroidManifest.xml:300:13-316:29
346-->src/main/AndroidManifest.xml:300:28-53
347                <action android:name="android.intent.action.VIEW" />
347-->src/main/AndroidManifest.xml:292:17-68
347-->src/main/AndroidManifest.xml:292:25-66
348
349                <category android:name="android.intent.category.DEFAULT" />
349-->src/main/AndroidManifest.xml:294:17-75
349-->src/main/AndroidManifest.xml:294:27-73
350                <category android:name="android.intent.category.BROWSABLE" />
350-->src/main/AndroidManifest.xml:295:17-77
350-->src/main/AndroidManifest.xml:295:27-75
351
352                <data android:scheme="https" />
352-->src/main/AndroidManifest.xml:219:17-49
352-->src/main/AndroidManifest.xml:219:23-47
353                <data android:host="f-droid.org" />
353-->src/main/AndroidManifest.xml:219:17-49
354                <data android:host="www.f-droid.org" />
354-->src/main/AndroidManifest.xml:219:17-49
355                <data android:host="staging.f-droid.org" />
355-->src/main/AndroidManifest.xml:219:17-49
356                <data android:pathPrefix="/app/" />
356-->src/main/AndroidManifest.xml:219:17-49
357                <data android:pathPrefix="/packages/" />
357-->src/main/AndroidManifest.xml:219:17-49
358                <data android:pathPrefix="/repository/browse" />
358-->src/main/AndroidManifest.xml:219:17-49
359                <!-- support localized URLs -->
360                <data android:pathPattern="/.*/packages/.*" />
360-->src/main/AndroidManifest.xml:219:17-49
361                <data android:pathPattern="/.*/packages/.*/" />
361-->src/main/AndroidManifest.xml:219:17-49
362            </intent-filter>
363            <intent-filter>
363-->src/main/AndroidManifest.xml:318:13-334:29
364                <action android:name="android.intent.action.VIEW" />
364-->src/main/AndroidManifest.xml:292:17-68
364-->src/main/AndroidManifest.xml:292:25-66
365
366                <category android:name="android.intent.category.DEFAULT" />
366-->src/main/AndroidManifest.xml:294:17-75
366-->src/main/AndroidManifest.xml:294:27-73
367                <category android:name="android.intent.category.BROWSABLE" />
367-->src/main/AndroidManifest.xml:295:17-77
367-->src/main/AndroidManifest.xml:295:27-75
368
369                <data android:scheme="http" />
369-->src/main/AndroidManifest.xml:219:17-49
369-->src/main/AndroidManifest.xml:219:23-47
370                <data android:host="f-droid.org" />
370-->src/main/AndroidManifest.xml:219:17-49
371                <data android:host="www.f-droid.org" />
371-->src/main/AndroidManifest.xml:219:17-49
372                <data android:host="staging.f-droid.org" />
372-->src/main/AndroidManifest.xml:219:17-49
373                <data android:pathPrefix="/app/" />
373-->src/main/AndroidManifest.xml:219:17-49